{"message":"Inside User Routes","level":"info","timestamp":"2022/10/18 19:33:45"}
{"message":"Inside OTP Routes","level":"info","timestamp":"2022/10/18 19:33:53"}
{"message":"Inside Content Routes","level":"info","timestamp":"2022/10/18 19:33:53"}
{"level":"info","message":"Base Directory","timestamp":"2022/10/18 19:33:53"}
{"message":"Inside Doctor Routes","level":"info","timestamp":"2022/10/18 19:33:53"}
{"message":"Inside Appointment Routes","level":"info","timestamp":"2022/10/18 19:33:53"}
{"message":"Inside Patient Routes","level":"info","timestamp":"2022/10/18 19:33:53"}
{"message":"Inside Medical Routes","level":"info","timestamp":"2022/10/18 19:33:53"}
{"message":"Inside Messenger Routes","level":"info","timestamp":"2022/10/18 19:33:53"}
{"message":"Ovulea Server Is Running At Port 3001!","level":"info","timestamp":"2022/10/18 19:33:53"}
{"message":"Testing Error","level":"error","timestamp":"2022/10/18 19:33:53"}
{"user_name":"+919021079423","password":"fhyetgwestr","level":"info","message":"Req Body:","timestamp":"2022/10/18 19:34:08"}
{"level":"info","message":"LoginUser Constructor Called:","timestamp":"2022/10/18 19:34:08"}
{"level":"info","message":"LoginUser Constructor Called:","timestamp":"2022/10/18 19:34:08"}
{"message":"LoginUser.signin Called","level":"info","timestamp":"2022/10/18 19:34:08"}
{"level":"info","message":"LoginUser.signin User Name:","timestamp":"2022/10/18 19:34:08"}
{"level":"info","message":"LoginUser.signin Password:","timestamp":"2022/10/18 19:34:08"}
{"message":"Inside User Routes","level":"info","timestamp":"2022/12/02 18:18:50"}
{"message":"Inside OTP Routes","level":"info","timestamp":"2022/12/02 18:18:58"}
{"message":"Inside Content Routes","level":"info","timestamp":"2022/12/02 18:18:58"}
{"level":"info","message":"Base Directory","timestamp":"2022/12/02 18:18:58"}
{"message":"Inside Doctor Routes","level":"info","timestamp":"2022/12/02 18:18:58"}
{"message":"Inside Appointment Routes","level":"info","timestamp":"2022/12/02 18:18:58"}
{"message":"Inside Patient Routes","level":"info","timestamp":"2022/12/02 18:18:58"}
{"message":"Inside Medical Routes","level":"info","timestamp":"2022/12/02 18:18:58"}
{"message":"Inside Messenger Routes","level":"info","timestamp":"2022/12/02 18:18:58"}
{"message":"Ovulea Server Is Running At Port 3001!","level":"info","timestamp":"2022/12/02 18:18:59"}
{"message":"Testing Error","level":"error","timestamp":"2022/12/02 18:18:59"}
{"user_name":"+919021079423","password":"Prajay16","level":"info","message":"Req Body:","timestamp":"2022/12/02 18:19:08"}
{"level":"info","message":"LoginUser Constructor Called:","timestamp":"2022/12/02 18:19:08"}
{"level":"info","message":"LoginUser Constructor Called:","timestamp":"2022/12/02 18:19:08"}
{"message":"LoginUser.signin Called","level":"info","timestamp":"2022/12/02 18:19:08"}
{"level":"info","message":"LoginUser.signin User Name:","timestamp":"2022/12/02 18:19:08"}
{"level":"info","message":"LoginUser.signin Password:","timestamp":"2022/12/02 18:19:08"}
{"message":"Inside User Routes","level":"info","timestamp":"2022/12/02 18:20:20"}
{"message":"Inside OTP Routes","level":"info","timestamp":"2022/12/02 18:20:25"}
{"message":"Inside Content Routes","level":"info","timestamp":"2022/12/02 18:20:25"}
{"level":"info","message":"Base Directory","timestamp":"2022/12/02 18:20:25"}
{"message":"Inside Doctor Routes","level":"info","timestamp":"2022/12/02 18:20:25"}
{"message":"Inside Appointment Routes","level":"info","timestamp":"2022/12/02 18:20:25"}
{"message":"Inside Patient Routes","level":"info","timestamp":"2022/12/02 18:20:25"}
{"message":"Inside Medical Routes","level":"info","timestamp":"2022/12/02 18:20:25"}
{"message":"Inside Messenger Routes","level":"info","timestamp":"2022/12/02 18:20:25"}
{"message":"Ovulea Server Is Running At Port 3001!","level":"info","timestamp":"2022/12/02 18:20:25"}
{"message":"Testing Error","level":"error","timestamp":"2022/12/02 18:20:25"}
{"user_name":"+919420223076","password":"Prajay1610","level":"info","message":"Req Body:","timestamp":"2022/12/02 18:22:03"}
{"level":"info","message":"LoginUser Constructor Called:","timestamp":"2022/12/02 18:22:03"}
{"level":"info","message":"LoginUser Constructor Called:","timestamp":"2022/12/02 18:22:03"}
{"message":"LoginUser.signin Called","level":"info","timestamp":"2022/12/02 18:22:03"}
{"level":"info","message":"LoginUser.signin User Name:","timestamp":"2022/12/02 18:22:03"}
{"level":"info","message":"LoginUser.signin Password:","timestamp":"2022/12/02 18:22:03"}
{"message":"Inside User Routes","level":"info","timestamp":"2022/12/02 19:30:02"}
{"message":"Inside OTP Routes","level":"info","timestamp":"2022/12/02 19:30:11"}
{"message":"Inside Content Routes","level":"info","timestamp":"2022/12/02 19:30:11"}
{"level":"info","message":"Base Directory","timestamp":"2022/12/02 19:30:12"}
{"message":"Inside Doctor Routes","level":"info","timestamp":"2022/12/02 19:30:13"}
{"message":"Inside Appointment Routes","level":"info","timestamp":"2022/12/02 19:30:14"}
{"message":"Inside Patient Routes","level":"info","timestamp":"2022/12/02 19:30:14"}
{"message":"Inside Medical Routes","level":"info","timestamp":"2022/12/02 19:30:14"}
{"message":"Inside Messenger Routes","level":"info","timestamp":"2022/12/02 19:30:14"}
{"message":"Ovulea Server Is Running At Port 3001!","level":"info","timestamp":"2022/12/02 19:30:14"}
{"message":"Testing Error","level":"error","timestamp":"2022/12/02 19:30:14"}
{"user_name":"+919021079423","password":"Prajay16","level":"info","message":"Req Body:","timestamp":"2022/12/02 19:32:11"}
{"level":"info","message":"LoginUser Constructor Called:","timestamp":"2022/12/02 19:32:11"}
{"level":"info","message":"LoginUser Constructor Called:","timestamp":"2022/12/02 19:32:11"}
{"message":"LoginUser.signin Called","level":"info","timestamp":"2022/12/02 19:32:11"}
{"level":"info","message":"LoginUser.signin User Name:","timestamp":"2022/12/02 19:32:11"}
{"level":"info","message":"LoginUser.signin Password:","timestamp":"2022/12/02 19:32:11"}
{"message":"Inside Patient Routes","level":"info","timestamp":"2023/08/03 12:36:26"}
{"message":"Inside Patient Routes","level":"info","timestamp":"2023/08/03 12:38:19"}
{"message":"Inside Patient Routes","level":"info","timestamp":"2023/08/03 12:39:20"}
{"message":"Inside Patient Routes","level":"info","timestamp":"2023/08/03 12:40:30"}
{"message":"Inside comment Routes","level":"info","timestamp":"2023/08/03 12:42:48"}
{"message":"Inside comment Routes","level":"info","timestamp":"2023/08/03 12:44:25"}
{"message":"Inside comment Routes","level":"info","timestamp":"2023/08/03 12:44:57"}
{"message":"Inside comment Routes","level":"info","timestamp":"2023/08/03 12:48:46"}
{"message":"Inside comment Routes","level":"info","timestamp":"2023/08/04 14:06:20"}
{"message":"Inside comment Routes","level":"info","timestamp":"2023/08/04 14:12:55"}
{"message":"Inside comment Routes","level":"info","timestamp":"2023/08/04 14:21:06"}
{"message":"Inside comment Routes","level":"info","timestamp":"2023/08/04 14:54:59"}
{"message":"Ovulea Server Is Running At Port 3001!","level":"info","timestamp":"2023/08/04 14:54:59"}
{"message":"Testing Error","level":"error","timestamp":"2023/08/04 14:54:59"}
{"message":"Inside comment Routes","level":"info","timestamp":"2023/08/04 14:56:15"}
{"message":"Ovulea Server Is Running At Port 3001!","level":"info","timestamp":"2023/08/04 14:56:15"}
{"message":"Testing Error","level":"error","timestamp":"2023/08/04 14:56:15"}
{"message":"Inside comment Routes","level":"info","timestamp":"2023/08/04 14:58:03"}
{"message":"Ovulea Server Is Running At Port 3001!","level":"info","timestamp":"2023/08/04 14:58:03"}
{"message":"Testing Error","level":"error","timestamp":"2023/08/04 14:58:03"}
{"message":"Inside comment Routes","level":"info","timestamp":"2023/08/04 15:01:19"}
{"message":"Ovulea Server Is Running At Port 3001!","level":"info","timestamp":"2023/08/04 15:01:19"}
{"message":"Testing Error","level":"error","timestamp":"2023/08/04 15:01:19"}
{"message":"Inside comment Routes","level":"info","timestamp":"2023/08/04 15:03:35"}
{"message":"Ovulea Server Is Running At Port 3001!","level":"info","timestamp":"2023/08/04 15:03:35"}
{"message":"Testing Error","level":"error","timestamp":"2023/08/04 15:03:35"}
{"message":"Inside comment Routes","level":"info","timestamp":"2023/08/04 15:39:18"}
{"message":"Ovulea Server Is Running At Port 3001!","level":"info","timestamp":"2023/08/04 15:39:18"}
{"message":"Testing Error","level":"error","timestamp":"2023/08/04 15:39:18"}
{"message":"Inside comment Routes","level":"info","timestamp":"2023/08/04 15:41:21"}
{"message":"Ovulea Server Is Running At Port 3001!","level":"info","timestamp":"2023/08/04 15:41:21"}
{"message":"Testing Error","level":"error","timestamp":"2023/08/04 15:41:21"}
{"message":"Inside comment Routes","level":"info","timestamp":"2023/08/04 15:41:41"}
{"message":"Ovulea Server Is Running At Port 3001!","level":"info","timestamp":"2023/08/04 15:41:41"}
{"message":"Testing Error","level":"error","timestamp":"2023/08/04 15:41:41"}
{"message":"Inside comment Routes","level":"info","timestamp":"2023/08/04 15:42:51"}
{"message":"Ovulea Server Is Running At Port 3001!","level":"info","timestamp":"2023/08/04 15:42:51"}
{"message":"Testing Error","level":"error","timestamp":"2023/08/04 15:42:51"}
{"message":"Inside comment Routes","level":"info","timestamp":"2023/08/04 15:43:20"}
{"message":"Ovulea Server Is Running At Port 3001!","level":"info","timestamp":"2023/08/04 15:43:20"}
{"message":"Testing Error","level":"error","timestamp":"2023/08/04 15:43:20"}
{"message":"Inside comment Routes","level":"info","timestamp":"2023/08/04 15:46:40"}
{"message":"Ovulea Server Is Running At Port 3001!","level":"info","timestamp":"2023/08/04 15:46:40"}
{"message":"Testing Error","level":"error","timestamp":"2023/08/04 15:46:40"}
{"message":"Inside comment Routes","level":"info","timestamp":"2023/08/04 15:47:11"}
{"message":"Ovulea Server Is Running At Port 3001!","level":"info","timestamp":"2023/08/04 15:47:11"}
{"message":"Testing Error","level":"error","timestamp":"2023/08/04 15:47:11"}
{"message":"Inside comment Routes","level":"info","timestamp":"2023/08/04 15:47:34"}
{"message":"Ovulea Server Is Running At Port 3001!","level":"info","timestamp":"2023/08/04 15:47:34"}
{"message":"Testing Error","level":"error","timestamp":"2023/08/04 15:47:34"}
{"message":"Inside comment Routes","level":"info","timestamp":"2023/08/04 15:57:59"}
{"message":"Ovulea Server Is Running At Port 3001!","level":"info","timestamp":"2023/08/04 15:57:59"}
{"message":"Testing Error","level":"error","timestamp":"2023/08/04 15:57:59"}
{"message":"Inside comment Routes","level":"info","timestamp":"2023/08/04 16:01:02"}
{"message":"Ovulea Server Is Running At Port 3001!","level":"info","timestamp":"2023/08/04 16:01:02"}
{"message":"Testing Error","level":"error","timestamp":"2023/08/04 16:01:02"}
{"message":"Inside comment Routes","level":"info","timestamp":"2023/08/04 16:02:03"}
{"message":"Ovulea Server Is Running At Port 3001!","level":"info","timestamp":"2023/08/04 16:02:03"}
{"message":"Testing Error","level":"error","timestamp":"2023/08/04 16:02:03"}
{"message":"Inside comment Routes","level":"info","timestamp":"2023/08/04 16:05:00"}
{"message":"Ovulea Server Is Running At Port 3001!","level":"info","timestamp":"2023/08/04 16:05:00"}
{"message":"Testing Error","level":"error","timestamp":"2023/08/04 16:05:00"}
{"message":"Inside comment Routes","level":"info","timestamp":"2023/08/04 16:06:24"}
{"message":"Ovulea Server Is Running At Port 3001!","level":"info","timestamp":"2023/08/04 16:06:24"}
{"message":"Testing Error","level":"error","timestamp":"2023/08/04 16:06:24"}
{"message":"Inside comment Routes","level":"info","timestamp":"2023/08/04 16:07:04"}
{"message":"Ovulea Server Is Running At Port 3001!","level":"info","timestamp":"2023/08/04 16:07:04"}
{"message":"Testing Error","level":"error","timestamp":"2023/08/04 16:07:04"}
{"message":"Inside comment Routes","level":"info","timestamp":"2023/08/04 16:07:34"}
{"message":"Ovulea Server Is Running At Port 3001!","level":"info","timestamp":"2023/08/04 16:07:34"}
{"message":"Testing Error","level":"error","timestamp":"2023/08/04 16:07:34"}
{"message":"Inside comment Routes","level":"info","timestamp":"2023/08/04 16:09:32"}
{"message":"Ovulea Server Is Running At Port 3001!","level":"info","timestamp":"2023/08/04 16:09:32"}
{"message":"Testing Error","level":"error","timestamp":"2023/08/04 16:09:32"}
{"message":"Inside comment Routes","level":"info","timestamp":"2023/08/04 16:11:20"}
{"message":"Ovulea Server Is Running At Port 3001!","level":"info","timestamp":"2023/08/04 16:11:20"}
{"message":"Testing Error","level":"error","timestamp":"2023/08/04 16:11:20"}
{"message":"Inside comment Routes","level":"info","timestamp":"2023/08/04 16:13:52"}
{"message":"Ovulea Server Is Running At Port 3001!","level":"info","timestamp":"2023/08/04 16:13:52"}
{"message":"Testing Error","level":"error","timestamp":"2023/08/04 16:13:52"}
{"message":"Inside comment Routes","level":"info","timestamp":"2023/08/04 16:14:28"}
{"message":"Ovulea Server Is Running At Port 3001!","level":"info","timestamp":"2023/08/04 16:14:28"}
{"message":"Testing Error","level":"error","timestamp":"2023/08/04 16:14:28"}
{"message":"Inside comment Routes","level":"info","timestamp":"2023/08/05 13:16:45"}
{"message":"Ovulea Server Is Running At Port 3001!","level":"info","timestamp":"2023/08/05 13:16:45"}
{"message":"Testing Error","level":"error","timestamp":"2023/08/05 13:16:45"}
{"message":"Inside comment Routes","level":"info","timestamp":"2023/08/05 13:18:34"}
{"message":"Ovulea Server Is Running At Port 3001!","level":"info","timestamp":"2023/08/05 13:18:34"}
{"message":"Testing Error","level":"error","timestamp":"2023/08/05 13:18:34"}
{"message":"Inside comment Routes","level":"info","timestamp":"2023/08/05 13:19:19"}
{"message":"Ovulea Server Is Running At Port 3001!","level":"info","timestamp":"2023/08/05 13:19:19"}
{"message":"Testing Error","level":"error","timestamp":"2023/08/05 13:19:19"}
{"message":"Inside comment Routes","level":"info","timestamp":"2023/08/05 13:19:54"}
{"message":"Ovulea Server Is Running At Port 3001!","level":"info","timestamp":"2023/08/05 13:19:54"}
{"message":"Testing Error","level":"error","timestamp":"2023/08/05 13:19:54"}
{"message":"Inside comment Routes","level":"info","timestamp":"2023/08/05 13:22:16"}
{"message":"Ovulea Server Is Running At Port 3001!","level":"info","timestamp":"2023/08/05 13:22:16"}
{"message":"Testing Error","level":"error","timestamp":"2023/08/05 13:22:16"}
{"message":"Inside comment Routes","level":"info","timestamp":"2023/08/05 13:27:23"}
{"message":"Ovulea Server Is Running At Port 3001!","level":"info","timestamp":"2023/08/05 13:27:23"}
{"message":"Testing Error","level":"error","timestamp":"2023/08/05 13:27:23"}
{"message":"Inside comment Routes","level":"info","timestamp":"2023/08/05 13:34:10"}
{"message":"Ovulea Server Is Running At Port 3001!","level":"info","timestamp":"2023/08/05 13:34:10"}
{"message":"Testing Error","level":"error","timestamp":"2023/08/05 13:34:10"}
{"message":"Inside comment Routes","level":"info","timestamp":"2023/08/05 13:40:04"}
{"message":"Ovulea Server Is Running At Port 3001!","level":"info","timestamp":"2023/08/05 13:40:04"}
{"message":"Testing Error","level":"error","timestamp":"2023/08/05 13:40:04"}
{"message":"Inside comment Routes","level":"info","timestamp":"2023/08/05 13:46:31"}
{"message":"Ovulea Server Is Running At Port 3001!","level":"info","timestamp":"2023/08/05 13:46:31"}
{"message":"Testing Error","level":"error","timestamp":"2023/08/05 13:46:31"}
{"message":"Inside comment Routes","level":"info","timestamp":"2023/08/05 13:50:18"}
{"message":"Ovulea Server Is Running At Port 3001!","level":"info","timestamp":"2023/08/05 13:50:19"}
{"message":"Testing Error","level":"error","timestamp":"2023/08/05 13:50:19"}
{"message":"Inside comment Routes","level":"info","timestamp":"2023/08/05 13:50:53"}
{"message":"Ovulea Server Is Running At Port 3001!","level":"info","timestamp":"2023/08/05 13:50:53"}
{"message":"Testing Error","level":"error","timestamp":"2023/08/05 13:50:53"}
{"message":"Inside comment Routes","level":"info","timestamp":"2023/08/05 13:53:34"}
{"message":"Ovulea Server Is Running At Port 3001!","level":"info","timestamp":"2023/08/05 13:53:35"}
{"message":"Testing Error","level":"error","timestamp":"2023/08/05 13:53:35"}
{"message":"Inside comment Routes","level":"info","timestamp":"2023/08/07 14:03:42"}
{"message":"Ovulea Server Is Running At Port 3001!","level":"info","timestamp":"2023/08/07 14:03:42"}
{"message":"Testing Error","level":"error","timestamp":"2023/08/07 14:03:42"}
{"message":"Inside comment Routes","level":"info","timestamp":"2023/08/08 12:41:48"}
{"message":"Ovulea Server Is Running At Port 3001!","level":"info","timestamp":"2023/08/08 12:41:48"}
{"message":"Testing Error","level":"error","timestamp":"2023/08/08 12:41:48"}
{"message":"Inside comment Routes","level":"info","timestamp":"2023/08/08 12:50:17"}
{"message":"Ovulea Server Is Running At Port 3001!","level":"info","timestamp":"2023/08/08 12:50:17"}
{"message":"Testing Error","level":"error","timestamp":"2023/08/08 12:50:17"}
{"message":"Inside comment Routes","level":"info","timestamp":"2023/08/08 13:02:02"}
{"message":"Ovulea Server Is Running At Port 3001!","level":"info","timestamp":"2023/08/08 13:02:02"}
{"message":"Testing Error","level":"error","timestamp":"2023/08/08 13:02:02"}
{"message":"Inside comment Routes","level":"info","timestamp":"2023/08/08 13:09:38"}
{"message":"Ovulea Server Is Running At Port 3001!","level":"info","timestamp":"2023/08/08 13:09:38"}
{"message":"Testing Error","level":"error","timestamp":"2023/08/08 13:09:38"}
{"message":"Inside comment Routes","level":"info","timestamp":"2023/08/08 13:13:39"}
{"message":"Ovulea Server Is Running At Port 3001!","level":"info","timestamp":"2023/08/08 13:13:39"}
{"message":"Testing Error","level":"error","timestamp":"2023/08/08 13:13:39"}
{"message":"Inside comment Routes","level":"info","timestamp":"2023/08/08 13:14:30"}
{"message":"Ovulea Server Is Running At Port 3001!","level":"info","timestamp":"2023/08/08 13:14:30"}
{"message":"Testing Error","level":"error","timestamp":"2023/08/08 13:14:30"}
{"message":"Inside comment Routes","level":"info","timestamp":"2023/08/08 13:14:53"}
{"message":"Ovulea Server Is Running At Port 3001!","level":"info","timestamp":"2023/08/08 13:14:53"}
{"message":"Testing Error","level":"error","timestamp":"2023/08/08 13:14:53"}
{"message":"Inside comment Routes","level":"info","timestamp":"2023/08/08 13:17:32"}
{"message":"Ovulea Server Is Running At Port 3001!","level":"info","timestamp":"2023/08/08 13:17:32"}
{"message":"Testing Error","level":"error","timestamp":"2023/08/08 13:17:32"}
{"message":"Inside comment Routes","level":"info","timestamp":"2023/08/08 20:00:23"}
{"message":"Ovulea Server Is Running At Port 3001!","level":"info","timestamp":"2023/08/08 20:00:23"}
{"message":"Testing Error","level":"error","timestamp":"2023/08/08 20:00:23"}
{"message":"Inside comment Routes","level":"info","timestamp":"2023/08/08 20:06:18"}
{"message":"Ovulea Server Is Running At Port 3001!","level":"info","timestamp":"2023/08/08 20:06:18"}
{"message":"Testing Error","level":"error","timestamp":"2023/08/08 20:06:18"}
{"message":"Inside comment Routes","level":"info","timestamp":"2023/08/08 20:12:27"}
{"message":"Ovulea Server Is Running At Port 3001!","level":"info","timestamp":"2023/08/08 20:12:27"}
{"message":"Testing Error","level":"error","timestamp":"2023/08/08 20:12:27"}
{"message":"Inside comment Routes","level":"info","timestamp":"2023/08/08 20:16:00"}
{"message":"Ovulea Server Is Running At Port 3001!","level":"info","timestamp":"2023/08/08 20:16:00"}
{"message":"Testing Error","level":"error","timestamp":"2023/08/08 20:16:00"}
{"message":"Inside comment Routes","level":"info","timestamp":"2023/08/08 20:17:07"}
{"message":"Ovulea Server Is Running At Port 3001!","level":"info","timestamp":"2023/08/08 20:17:07"}
{"message":"Testing Error","level":"error","timestamp":"2023/08/08 20:17:07"}
{"message":"Inside comment Routes","level":"info","timestamp":"2023/08/08 20:17:33"}
{"message":"Ovulea Server Is Running At Port 3001!","level":"info","timestamp":"2023/08/08 20:17:33"}
{"message":"Testing Error","level":"error","timestamp":"2023/08/08 20:17:33"}
{"message":"Inside comment Routes","level":"info","timestamp":"2023/08/08 20:22:32"}
{"message":"Ovulea Server Is Running At Port 3001!","level":"info","timestamp":"2023/08/08 20:22:32"}
{"message":"Testing Error","level":"error","timestamp":"2023/08/08 20:22:32"}
{"message":"Inside comment Routes","level":"info","timestamp":"2023/08/08 20:22:59"}
{"message":"Ovulea Server Is Running At Port 3001!","level":"info","timestamp":"2023/08/08 20:22:59"}
{"message":"Testing Error","level":"error","timestamp":"2023/08/08 20:22:59"}
{"message":"Inside comment Routes","level":"info","timestamp":"2023/08/08 20:25:30"}
{"message":"Ovulea Server Is Running At Port 3001!","level":"info","timestamp":"2023/08/08 20:25:30"}
{"message":"Testing Error","level":"error","timestamp":"2023/08/08 20:25:30"}
{"message":"Inside comment Routes","level":"info","timestamp":"2023/08/08 20:26:24"}
{"message":"Ovulea Server Is Running At Port 3001!","level":"info","timestamp":"2023/08/08 20:26:24"}
{"message":"Testing Error","level":"error","timestamp":"2023/08/08 20:26:24"}
{"message":"Inside comment Routes","level":"info","timestamp":"2023/08/08 20:27:36"}
{"message":"Ovulea Server Is Running At Port 3001!","level":"info","timestamp":"2023/08/08 20:27:36"}
{"message":"Testing Error","level":"error","timestamp":"2023/08/08 20:27:36"}
{"message":"Inside comment Routes","level":"info","timestamp":"2023/08/08 20:38:18"}
{"message":"Ovulea Server Is Running At Port 3001!","level":"info","timestamp":"2023/08/08 20:38:18"}
{"message":"Testing Error","level":"error","timestamp":"2023/08/08 20:38:18"}
{"message":"Inside comment Routes","level":"info","timestamp":"2023/08/08 20:40:42"}
{"message":"Ovulea Server Is Running At Port 3001!","level":"info","timestamp":"2023/08/08 20:40:42"}
{"message":"Testing Error","level":"error","timestamp":"2023/08/08 20:40:42"}
{"message":"Inside comment Routes","level":"info","timestamp":"2023/08/08 20:41:53"}
{"message":"Ovulea Server Is Running At Port 3001!","level":"info","timestamp":"2023/08/08 20:41:53"}
{"message":"Testing Error","level":"error","timestamp":"2023/08/08 20:41:53"}
{"message":"Inside comment Routes","level":"info","timestamp":"2023/08/08 20:55:47"}
{"message":"Ovulea Server Is Running At Port 3001!","level":"info","timestamp":"2023/08/08 20:55:47"}
{"message":"Testing Error","level":"error","timestamp":"2023/08/08 20:55:47"}
{"message":"Inside comment Routes","level":"info","timestamp":"2023/08/08 20:56:28"}
{"message":"Ovulea Server Is Running At Port 3001!","level":"info","timestamp":"2023/08/08 20:56:28"}
{"message":"Testing Error","level":"error","timestamp":"2023/08/08 20:56:28"}
{"message":"Inside comment Routes","level":"info","timestamp":"2023/08/08 21:03:23"}
{"message":"Ovulea Server Is Running At Port 3001!","level":"info","timestamp":"2023/08/08 21:03:23"}
{"message":"Testing Error","level":"error","timestamp":"2023/08/08 21:03:23"}
{"message":"Inside comment Routes","level":"info","timestamp":"2023/08/08 21:04:47"}
{"message":"Ovulea Server Is Running At Port 3001!","level":"info","timestamp":"2023/08/08 21:04:47"}
{"message":"Testing Error","level":"error","timestamp":"2023/08/08 21:04:47"}
{"message":"Inside comment Routes","level":"info","timestamp":"2023/08/08 21:11:10"}
{"message":"Ovulea Server Is Running At Port 3001!","level":"info","timestamp":"2023/08/08 21:11:10"}
{"message":"Testing Error","level":"error","timestamp":"2023/08/08 21:11:10"}
{"message":"Inside comment Routes","level":"info","timestamp":"2023/08/08 21:12:53"}
{"message":"Ovulea Server Is Running At Port 3001!","level":"info","timestamp":"2023/08/08 21:12:53"}
{"message":"Testing Error","level":"error","timestamp":"2023/08/08 21:12:53"}
{"message":"Inside comment Routes","level":"info","timestamp":"2023/08/08 21:13:35"}
{"message":"Ovulea Server Is Running At Port 3001!","level":"info","timestamp":"2023/08/08 21:13:35"}
{"message":"Testing Error","level":"error","timestamp":"2023/08/08 21:13:35"}
{"message":"Inside comment Routes","level":"info","timestamp":"2023/08/08 21:14:31"}
{"message":"Ovulea Server Is Running At Port 3001!","level":"info","timestamp":"2023/08/08 21:14:31"}
{"message":"Testing Error","level":"error","timestamp":"2023/08/08 21:14:31"}
{"message":"Inside comment Routes","level":"info","timestamp":"2023/08/08 21:15:45"}
{"message":"Ovulea Server Is Running At Port 3001!","level":"info","timestamp":"2023/08/08 21:15:45"}
{"message":"Testing Error","level":"error","timestamp":"2023/08/08 21:15:45"}
{"message":"Inside comment Routes","level":"info","timestamp":"2023/08/08 21:16:09"}
{"message":"Ovulea Server Is Running At Port 3001!","level":"info","timestamp":"2023/08/08 21:16:09"}
{"message":"Testing Error","level":"error","timestamp":"2023/08/08 21:16:09"}
